[debug] [2017-11-16T18:08:22.018Z] ----------------------------------------------------------------------
[debug] [2017-11-16T18:08:22.018Z] Command:       C:\Program Files\nodejs\node.exe C:\Users\rashm\AppData\Roaming\npm\node_modules\firebase-tools\bin\firebase serve
[debug] [2017-11-16T18:08:22.018Z] CLI Version:   3.13.1
[debug] [2017-11-16T18:08:22.018Z] Platform:      win32
[debug] [2017-11-16T18:08:22.018Z] Node Version:  v6.9.2
[debug] [2017-11-16T18:08:22.018Z] Time:          Thu Nov 16 2017 13:08:22 GMT-0500 (Eastern Standard Time)
[debug] [2017-11-16T18:08:22.018Z] ----------------------------------------------------------------------
[debug] 
[debug] [2017-11-16T18:08:22.034Z] > command requires scopes: ["email","openid","https://www.googleapis.com/auth/cloudplatformprojects.readonly","https://www.googleapis.com/auth/firebase","https://www.googleapis.com/auth/cloud-platform"]
[debug] [2017-11-16T18:08:22.034Z] > authorizing via signed-in user
[debug] [2017-11-16T18:08:22.034Z] >>> HTTP REQUEST GET https://admin.firebase.com/v1/projects/clinhub-24309  
 Thu Nov 16 2017 13:08:22 GMT-0500 (Eastern Standard Time)
[debug] [2017-11-16T18:08:23.747Z] <<< HTTP RESPONSE 200
[debug] [2017-11-16T18:08:23.750Z] >>> HTTP REQUEST GET https://admin.firebase.com/v1/database/clinhub-24309/tokens  
 Thu Nov 16 2017 13:08:23 GMT-0500 (Eastern Standard Time)
[debug] [2017-11-16T18:08:25.654Z] <<< HTTP RESPONSE 200
[info] 
[info] === Serving from 'C:\Users\rashm\Desktop\clinHub'...
[info] 
[debug] [2017-11-16T18:08:25.659Z] >>> HTTP REQUEST GET https://cloudresourcemanager.googleapis.com/v1/projects/clinhub-24309  
 Thu Nov 16 2017 13:08:25 GMT-0500 (Eastern Standard Time)
[debug] [2017-11-16T18:08:25.915Z] <<< HTTP RESPONSE 200
[debug] [2017-11-16T18:08:25.916Z] >>> HTTP REQUEST GET https://mobilesdk-pa.googleapis.com/v1/projects/440022482925/clients/_:getWebAppConfig  
 Thu Nov 16 2017 13:08:25 GMT-0500 (Eastern Standard Time)
[debug] [2017-11-16T18:08:26.221Z] <<< HTTP RESPONSE 200
[info] i  hosting: Serving hosting files from: ./
[info] +  hosting: Local server: http://localhost:5000

